# JRE version: Java(TM) SE Runtime Environment (8.0_91-b14) (build 1.8.0_91-b14)
# Java VM: Java HotSpot(TM) 64-Bit Server VM (25.91-b14 mixed mode windows-amd64 compressed oops)
Heap:
 PSYoungGen      total 110080K, used 44383K [0x00000000eab00000, 0x00000000f2280000, 0x0000000100000000)
  eden space 100352K, 35% used [0x00000000eab00000,0x00000000ecdff8b0,0x00000000f0d00000)
  from space 9728K, 87% used [0x00000000f1780000,0x00000000f1fd8398,0x00000000f2100000)
  to   space 10752K, 0% used [0x00000000f0d00000,0x00000000f0d00000,0x00000000f1780000)
 ParOldGen       total 50688K, used 22970K [0x00000000c0000000, 0x00000000c3180000, 0x00000000eab00000)
  object space 50688K, 45% used [0x00000000c0000000,0x00000000c166e920,0x00000000c3180000)
 Metaspace       used 46683K, capacity 47594K, committed 47616K, reserved 1089536K
  class space    used 6427K, capacity 6646K, committed 6656K, reserved 1048576K
GC Heap History (10 events):
Event: 15.772 GC heap before
{Heap before GC invocations=14 (full 1):
 PSYoungGen      total 63488K, used 60000K [0x00000000eab00000, 0x00000000ef200000, 0x0000000100000000)
  eden space 58368K, 100% used [0x00000000eab00000,0x00000000ee400000,0x00000000ee400000)
  from space 5120K, 31% used [0x00000000eed00000,0x00000000eee98000,0x00000000ef200000)
  to   space 7168K, 0% used [0x00000000ee400000,0x00000000ee400000,0x00000000eeb00000)
 ParOldGen       total 35328K, used 13114K [0x00000000c0000000, 0x00000000c2280000, 0x00000000eab00000)
  object space 35328K, 37% used [0x00000000c0000000,0x00000000c0cce978,0x00000000c2280000)
 Metaspace       used 34003K, capacity 34756K, committed 35072K, reserved 1079296K
  class space    used 4637K, capacity 4827K, committed 4864K, reserved 1048576K
Event: 15.789 GC heap after
Heap after GC invocations=14 (full 1):
 PSYoungGen      total 65536K, used 7121K [0x00000000eab00000, 0x00000000f0500000, 0x0000000100000000)
  eden space 58368K, 0% used [0x00000000eab00000,0x00000000eab00000,0x00000000ee400000)
  from space 7168K, 99% used [0x00000000ee400000,0x00000000eeaf4538,0x00000000eeb00000)
  to   space 8192K, 0% used [0x00000000efd00000,0x00000000efd00000,0x00000000f0500000)
 ParOldGen       total 35328K, used 13970K [0x00000000c0000000, 0x00000000c2280000, 0x00000000eab00000)
  object space 35328K, 39% used [0x00000000c0000000,0x00000000c0da4998,0x00000000c2280000)
 Metaspace       used 34003K, capacity 34756K, committed 35072K, reserved 1079296K
  class space    used 4637K, capacity 4827K, committed 4864K, reserved 1048576K
}
Event: 16.026 GC heap before
{Heap before GC invocations=15 (full 1):
 PSYoungGen      total 65536K, used 22084K [0x00000000eab00000, 0x00000000f0500000, 0x0000000100000000)
  eden space 58368K, 25% used [0x00000000eab00000,0x00000000eb99cb98,0x00000000ee400000)
  from space 7168K, 99% used [0x00000000ee400000,0x00000000eeaf4538,0x00000000eeb00000)
  to   space 8192K, 0% used [0x00000000efd00000,0x00000000efd00000,0x00000000f0500000)
 ParOldGen       total 35328K, used 13970K [0x00000000c0000000, 0x00000000c2280000, 0x00000000eab00000)
  object space 35328K, 39% used [0x00000000c0000000,0x00000000c0da4998,0x00000000c2280000)
 Metaspace       used 34673K, capacity 35280K, committed 35456K, reserved 1079296K
  class space    used 4733K, capacity 4893K, committed 4992K, reserved 1048576K
Event: 16.036 GC heap after
Heap after GC invocations=15 (full 1):
 PSYoungGen      total 83968K, used 1132K [0x00000000eab00000, 0x00000000f0980000, 0x0000000100000000)
  eden space 75776K, 0% used [0x00000000eab00000,0x00000000eab00000,0x00000000ef500000)
  from space 8192K, 13% used [0x00000000efd00000,0x00000000efe1b180,0x00000000f0500000)
  to   space 8192K, 0% used [0x00000000ef500000,0x00000000ef500000,0x00000000efd00000)
 ParOldGen       total 35328K, used 16850K [0x00000000c0000000, 0x00000000c2280000, 0x00000000eab00000)
  object space 35328K, 47% used [0x00000000c0000000,0x00000000c1074ac8,0x00000000c2280000)
 Metaspace       used 34673K, capacity 35280K, committed 35456K, reserved 1079296K
  class space    used 4733K, capacity 4893K, committed 4992K, reserved 1048576K
}
Event: 16.036 GC heap before
{Heap before GC invocations=16 (full 2):
 PSYoungGen      total 83968K, used 1132K [0x00000000eab00000, 0x00000000f0980000, 0x0000000100000000)
  eden space 75776K, 0% used [0x00000000eab00000,0x00000000eab00000,0x00000000ef500000)
  from space 8192K, 13% used [0x00000000efd00000,0x00000000efe1b180,0x00000000f0500000)
  to   space 8192K, 0% used [0x00000000ef500000,0x00000000ef500000,0x00000000efd00000)
 ParOldGen       total 35328K, used 16850K [0x00000000c0000000, 0x00000000c2280000, 0x00000000eab00000)
  object space 35328K, 47% used [0x00000000c0000000,0x00000000c1074ac8,0x00000000c2280000)
 Metaspace       used 34673K, capacity 35280K, committed 35456K, reserved 1079296K
  class space    used 4733K, capacity 4893K, committed 4992K, reserved 1048576K
Event: 16.149 GC heap after
Heap after GC invocations=16 (full 2):
 PSYoungGen      total 83968K, used 0K [0x00000000eab00000, 0x00000000f0980000, 0x0000000100000000)
  eden space 75776K, 0% used [0x00000000eab00000,0x00000000eab00000,0x00000000ef500000)
  from space 8192K, 0% used [0x00000000efd00000,0x00000000efd00000,0x00000000f0500000)
  to   space 8192K, 0% used [0x00000000ef500000,0x00000000ef500000,0x00000000efd00000)
 ParOldGen       total 50688K, used 15207K [0x00000000c0000000, 0x00000000c3180000, 0x00000000eab00000)
  object space 50688K, 30% used [0x00000000c0000000,0x00000000c0ed9f50,0x00000000c3180000)
 Metaspace       used 34650K, capacity 35256K, committed 35456K, reserved 1079296K
  class space    used 4726K, capacity 4885K, committed 4992K, reserved 1048576K
}
Event: 17.837 GC heap before
{Heap before GC invocations=17 (full 2):
 PSYoungGen      total 83968K, used 75776K [0x00000000eab00000, 0x00000000f0980000, 0x0000000100000000)
  eden space 75776K, 100% used [0x00000000eab00000,0x00000000ef500000,0x00000000ef500000)
  from space 8192K, 0% used [0x00000000efd00000,0x00000000efd00000,0x00000000f0500000)
  to   space 8192K, 0% used [0x00000000ef500000,0x00000000ef500000,0x00000000efd00000)
 ParOldGen       total 50688K, used 15207K [0x00000000c0000000, 0x00000000c3180000, 0x00000000eab00000)
  object space 50688K, 30% used [0x00000000c0000000,0x00000000c0ed9f50,0x00000000c3180000)
 Metaspace       used 42200K, capacity 42998K, committed 43392K, reserved 1087488K
  class space    used 5735K, capacity 5917K, committed 6016K, reserved 1048576K
Event: 17.848 GC heap after
Heap after GC invocations=17 (full 2):
 PSYoungGen      total 83968K, used 8170K [0x00000000eab00000, 0x00000000f2100000, 0x0000000100000000)
  eden space 75776K, 0% used [0x00000000eab00000,0x00000000eab00000,0x00000000ef500000)
  from space 8192K, 99% used [0x00000000ef500000,0x00000000efcfa8e0,0x00000000efd00000)
  to   space 9728K, 0% used [0x00000000f1780000,0x00000000f1780000,0x00000000f2100000)
 ParOldGen       total 50688K, used 16623K [0x00000000c0000000, 0x00000000c3180000, 0x00000000eab00000)
  object space 50688K, 32% used [0x00000000c0000000,0x00000000c103bc28,0x00000000c3180000)
 Metaspace       used 42200K, capacity 42998K, committed 43392K, reserved 1087488K
  class space    used 5735K, capacity 5917K, committed 6016K, reserved 1048576K
}
Event: 20.484 GC heap before
{Heap before GC invocations=18 (full 2):
 PSYoungGen      total 83968K, used 83946K [0x00000000eab00000, 0x00000000f2100000, 0x0000000100000000)
  eden space 75776K, 100% used [0x00000000eab00000,0x00000000ef500000,0x00000000ef500000)
  from space 8192K, 99% used [0x00000000ef500000,0x00000000efcfa8e0,0x00000000efd00000)
  to   space 9728K, 0% used [0x00000000f1780000,0x00000000f1780000,0x00000000f2100000)
 ParOldGen       total 50688K, used 16623K [0x00000000c0000000, 0x00000000c3180000, 0x00000000eab00000)
  object space 50688K, 32% used [0x00000000c0000000,0x00000000c103bc28,0x00000000c3180000)
 Metaspace       used 45096K, capacity 45986K, committed 46080K, reserved 1089536K
  class space    used 6183K, capacity 6397K, committed 6400K, reserved 1048576K
Event: 20.516 GC heap after
Heap after GC invocations=18 (full 2):
 PSYoungGen      total 110080K, used 8544K [0x00000000eab00000, 0x00000000f2280000, 0x0000000100000000)
  eden space 100352K, 0% used [0x00000000eab00000,0x00000000eab00000,0x00000000f0d00000)
  from space 9728K, 87% used [0x00000000f1780000,0x00000000f1fd8398,0x00000000f2100000)
  to   space 10752K, 0% used [0x00000000f0d00000,0x00000000f0d00000,0x00000000f1780000)
 ParOldGen       total 50688K, used 22970K [0x00000000c0000000, 0x00000000c3180000, 0x00000000eab00000)
  object space 50688K, 45% used [0x00000000c0000000,0x00000000c166e920,0x00000000c3180000)
 Metaspace       used 45096K, capacity 45986K, committed 46080K, reserved 1089536K
  class space    used 6183K, capacity 6397K, committed 6400K, reserved 1048576K
}

